<?xml version="1.0" encoding="UTF-8"?>
<!-- Generated by org.testng.reporters.JUnitXMLReporter -->
<testsuite hostname="MCCVJPH2" ignored="0" name="Default test" tests="3" failures="0" timestamp="06 Jul 2018 17:05:05 GMT" time="2.093" errors="0">
  <testcase name="loginAPITest" time="1.944" classname="com.rest.service.restAPIFramework.APITest"/>
  <testcase name="getBodyTypeAPITest" time="0.072" classname="com.rest.service.restAPIFramework.APITest"/>
  <testcase name="getProfilesAPITest" time="0.041" classname="com.rest.service.restAPIFramework.APITest"/>
</testsuite> <!-- Default test -->
