<?xml version="1.0" encoding="UTF-8"?>
<testng-results skipped="0" failed="0" ignored="0" total="3" passed="3">
  <reporter-output>
  </reporter-output>
  <suite name="Default suite" duration-ms="2093" started-at="2018-07-06T17:05:03Z" finished-at="2018-07-06T17:05:05Z">
    <groups>
    </groups>
    <test name="Default test" duration-ms="2093" started-at="2018-07-06T17:05:03Z" finished-at="2018-07-06T17:05:05Z">
      <class name="com.rest.service.restAPIFramework.APITest">
        <test-method status="PASS" signature="dataSetUp()[pri:0, instance:com.rest.service.restAPIFramework.APITest@42d80b78]" name="dataSetUp" is-config="true" duration-ms="11" started-at="2018-07-06T17:05:03Z" finished-at="2018-07-06T17:05:03Z">
          <reporter-output>
          </reporter-output>
        </test-method> <!-- dataSetUp -->
        <test-method status="PASS" signature="loginAPITest()[pri:1, instance:com.rest.service.restAPIFramework.APITest@42d80b78]" name="loginAPITest" duration-ms="1944" started-at="2018-07-06T17:05:03Z" finished-at="2018-07-06T17:05:05Z">
          <reporter-output>
          </reporter-output>
        </test-method> <!-- loginAPITest -->
        <test-method status="PASS" signature="getBodyTypeAPITest()[pri:2, instance:com.rest.service.restAPIFramework.APITest@42d80b78]" name="getBodyTypeAPITest" duration-ms="72" started-at="2018-07-06T17:05:05Z" finished-at="2018-07-06T17:05:05Z">
          <reporter-output>
          </reporter-output>
        </test-method> <!-- getBodyTypeAPITest -->
        <test-method status="PASS" signature="getProfilesAPITest()[pri:3, instance:com.rest.service.restAPIFramework.APITest@42d80b78]" name="getProfilesAPITest" duration-ms="41" started-at="2018-07-06T17:05:05Z" finished-at="2018-07-06T17:05:05Z">
          <reporter-output>
          </reporter-output>
        </test-method> <!-- getProfilesAPITest -->
      </class> <!-- com.rest.service.restAPIFramework.APITest -->
    </test> <!-- Default test -->
  </suite> <!-- Default suite -->
</testng-results>
